{
  "RSpec": {
    "coverage": {
      "/Users/user/rails/akquinet/easy_redmine/plugins/time_entry_hierarchy_cf/init.rb": [
        1,
        1,
        1,
        1,
        1,
        null,
        null,
        1,
        1,
        null,
        1,
        1,
        null
      ],
      "/Users/user/rails/akquinet/easy_redmine/plugins/time_entry_hierarchy_cf/lib/time_entry_hierarchy_cf.rb": [
        1,
        null,
        1,
        null,
        1,
        null,
        1,
        null,
        1,
        7,
        null,
        null,
        1,
        36,
        null,
        2,
        1,
        null,
        1,
        null,
        null,
        null,
        1,
        3,
        5,
        4,
        null,
        null,
        1,
        null,
        null,
        1,
        4,
        4,
        null,
        12,
        11,
        null,
        null,
        4,
        null,
        null,
        1,
        20,
        null,
        20,
        null,
        null,
        null,
        null,
        1,
        29,
        null,
        null,
        null,
        1,
        1,
        56,
        null,
        null,
        null,
        null
      ],
      "/Users/user/rails/akquinet/easy_redmine/plugins/time_entry_hierarchy_cf/lib/time_entry_hierarchy_cf/project_issue_custom_fields.rb": [
        1,
        1,
        null,
        1,
        1,
        null,
        null,
        null,
        1,
        14,
        null,
        null,
        14,
        3,
        3,
        null,
        null,
        null,
        11,
        null,
        10,
        4,
        6,
        5,
        1,
        1,
        null,
        null,
        null,
        1,
        26,
        null,
        null,
        1,
        null,
        1,
        10,
        10,
        5,
        null,
        5,
        null,
        null,
        null,
        null,
        1,
        14,
        null,
        null,
        null
      ],
      "/Users/user/rails/akquinet/easy_redmine/plugins/time_entry_hierarchy_cf/spec/factories/custom_fields.rb": [
        1,
        null,
        1,
        null,
        null,
        1,
        null,
        null,
        1,
        null,
        null,
        null
      ],
      "/Users/user/rails/akquinet/easy_redmine/plugins/time_entry_hierarchy_cf/spec/factories/issues.rb": [
        1,
        null,
        1,
        9,
        6,
        6,
        9,
        null,
        1,
        7,
        4,
        4,
        4,
        null,
        null,
        null,
        null,
        null,
        1,
        null,
        null,
        null,
        1,
        1,
        null,
        null,
        1,
        1,
        null,
        null,
        null
      ],
      "/Users/user/rails/akquinet/easy_redmine/plugins/time_entry_hierarchy_cf/spec/factories/projects.rb": [
        1,
        null,
        1,
        1,
        null,
        1,
        11,
        null,
        null,
        null,
        1,
        null,
        null,
        null,
        null
      ],
      "/Users/user/rails/akquinet/easy_redmine/plugins/time_entry_hierarchy_cf/spec/factories/time_entries.rb": [
        1,
        null,
        1,
        12,
        11,
        12,
        12,
        null,
        null,
        null
      ],
      "/Users/user/rails/akquinet/easy_redmine/plugins/time_entry_hierarchy_cf/spec/factories/users.rb": [
        1,
        null,
        1,
        9,
        9,
        null,
        1,
        1,
        null,
        1,
        1,
        null,
        null,
        null
      ],
      "/Users/user/rails/akquinet/easy_redmine/plugins/time_entry_hierarchy_cf/spec/lib/time_entry_hierarchy_cf_spec.rb": [
        1,
        null,
        1,
        null,
        16,
        16,
        null,
        1,
        1,
        1,
        null,
        null,
        1,
        1,
        null,
        null,
        1,
        1,
        1,
        1,
        1,
        1,
        1,
        null,
        null,
        2,
        null,
        null,
        1,
        1,
        1,
        null,
        null,
        2,
        null,
        null,
        1,
        1,
        1,
        1,
        null,
        null,
        1,
        2,
        null,
        null,
        null,
        null,
        null,
        1,
        1,
        1,
        1,
        null,
        2,
        null,
        null,
        1,
        2,
        3,
        null,
        null,
        1,
        2,
        3,
        null,
        null,
        null,
        1,
        null,
        1,
        4,
        null,
        null,
        1,
        4,
        null,
        4,
        null,
        1,
        3,
        3,
        3,
        3,
        null,
        null,
        null,
        null,
        1,
        2,
        null,
        1,
        2,
        null,
        null,
        null,
        1,
        4,
        4,
        4,
        null,
        null,
        null,
        1,
        4,
        null,
        1,
        3,
        3,
        3,
        3,
        null,
        null,
        null,
        null,
        null
      ]
    },
    "timestamp": 1461159587
  }
}
