{
  "RSpec": {
    "coverage": {
      "/Users/user/rails/akquinet/easy_redmine/plugins/time_entry_hierarchy_cf/init.rb": [
        1,
        1,
        1,
        1,
        1,
        null,
        null,
        null,
        1,
        1,
        null,
        1,
        1
      ],
      "/Users/user/rails/akquinet/easy_redmine/plugins/time_entry_hierarchy_cf/lib/time_entry_hierarchy_cf.rb": [
        1,
        null,
        1,
        1,
        null,
        1,
        null,
        1,
        1,
        26,
        null,
        2,
        1,
        null,
        1,
        null,
        null,
        null,
        1,
        3,
        5,
        4,
        null,
        null,
        1,
        null,
        null,
        1,
        4,
        4,
        null,
        12,
        11,
        null,
        null,
        4,
        null,
        null,
        1,
        20,
        null,
        20,
        null,
        null,
        null,
        null,
        1,
        29,
        null,
        null,
        null,
        1,
        1,
        38,
        null,
        null,
        null,
        null
      ],
      "/Users/user/rails/akquinet/easy_redmine/plugins/time_entry_hierarchy_cf/lib/time_entry_hierarchy_cf/project_issue_custom_fields.rb": [
        1,
        1,
        null,
        1,
        1,
        null,
        null,
        null,
        1,
        null,
        null,
        null,
        0,
        null,
        null,
        null,
        1,
        0,
        null,
        0,
        0,
        0,
        0,
        null,
        null,
        null,
        1,
        null,
        1,
        null,
        0,
        0,
        0,
        0,
        null,
        null,
        null,
        null,
        null,
        null
      ],
      "/Users/user/rails/akquinet/easy_redmine/plugins/time_entry_hierarchy_cf/spec/factories/custom_fields.rb": [
        1,
        null,
        1,
        null,
        null,
        1,
        null,
        null,
        1,
        null,
        null,
        null
      ],
      "/Users/user/rails/akquinet/easy_redmine/plugins/time_entry_hierarchy_cf/spec/factories/issues.rb": [
        1,
        null,
        1,
        null,
        null,
        null
      ],
      "/Users/user/rails/akquinet/easy_redmine/plugins/time_entry_hierarchy_cf/spec/factories/projects.rb": [
        1,
        null,
        1,
        1,
        null,
        null,
        null
      ],
      "/Users/user/rails/akquinet/easy_redmine/plugins/time_entry_hierarchy_cf/spec/factories/time_entries.rb": [
        1,
        null,
        1,
        null,
        null,
        null
      ],
      "/Users/user/rails/akquinet/easy_redmine/plugins/time_entry_hierarchy_cf/spec/lib/time_entry_hierarchy_cf_spec.rb": [
        1,
        null,
        1,
        null,
        16,
        16,
        null,
        1,
        1,
        1,
        null,
        null,
        1,
        1,
        null,
        null,
        1,
        1,
        1,
        1,
        1,
        1,
        1,
        null,
        null,
        2,
        null,
        null,
        1,
        1,
        1,
        null,
        null,
        2,
        null,
        null,
        1,
        1,
        1,
        1,
        null,
        null,
        1,
        2,
        null,
        null,
        null,
        null,
        null,
        null,
        1,
        1,
        1,
        1,
        null,
        2,
        null,
        null,
        1,
        2,
        3,
        null,
        null,
        1,
        2,
        3,
        null,
        null,
        null,
        1,
        null,
        1,
        4,
        null,
        null,
        1,
        4,
        null,
        4,
        null,
        1,
        3,
        3,
        3,
        3,
        null,
        null,
        null,
        null,
        1,
        2,
        null,
        1,
        2,
        null,
        null,
        null,
        null,
        1,
        4,
        4,
        4,
        null,
        null,
        null,
        1,
        4,
        null,
        1,
        3,
        3,
        3,
        3,
        null,
        null,
        null,
        null,
        null
      ]
    },
    "timestamp": 1461057812
  }
}
